<?xml version="1.0" encoding="UTF-8"?>
<testsuite name="com.herokuapp.theinternet.PageTests.AlertPageTest" tests="1" skipped="0" failures="0" errors="0" timestamp="2024-02-26T03:19:45" hostname="Vasunthras-MacBook-Pro.local" time="0.595">
  <properties/>
  <testcase name="verifyJSAlertOnPage" classname="com.herokuapp.theinternet.PageTests.AlertPageTest" time="0.595"/>
  <system-out><![CDATA[]]></system-out>
  <system-err><![CDATA[]]></system-err>
</testsuite>
