<?xml version="1.0" encoding="UTF-8"?>
<!-- Generated by org.testng.reporters.JUnitReportReporter -->
<testsuite hostname="Vasunthras-MacBook-Pro.local" failures="0" tests="1" name="com.herokuapp.theinternet.PageTests.AlertPageTest" time="0.595" errors="0" timestamp="2024-02-26T08:49:51 IST" skipped="0">
  <testcase classname="com.herokuapp.theinternet.PageTests.AlertPageTest" name="verifyJSAlertOnPage" time="0.595"/>
  <system-out/>
</testsuite> <!-- com.herokuapp.theinternet.PageTests.AlertPageTest -->
